<?xml version="1.0" encoding="UTF-8"?>
<!-- Generated by org.testng.reporters.JUnitReportReporter -->
<testsuite hostname="Pravin" failures="0" tests="1" name="Start.FireBrowser" time="8.226" errors="0" timestamp="2022-11-24T08:33:22 IST" skipped="0">
  <testcase classname="Start.FireBrowser" name="testFireFox" time="8.226"/>
  <system-out/>
</testsuite> <!-- Start.FireBrowser -->
