<?xml version="1.0" encoding="UTF-8"?>
<!-- Generated by org.testng.reporters.JUnitReportReporter -->
<testsuite hostname="Pravin" failures="0" tests="1" name="Start.ClickOnSameMultipleLinks" time="5.345" errors="0" timestamp="2022-11-20T09:24:15 IST" skipped="0">
  <testcase classname="Start.ClickOnSameMultipleLinks" name="ClickingLink" time="5.345"/>
  <system-out/>
</testsuite> <!-- Start.ClickOnSameMultipleLinks -->
