<?xml version="1.0" encoding="UTF-8"?>
<!-- Generated by org.testng.reporters.JUnitReportReporter -->
<testsuite hostname="Pravin" failures="0" tests="1" name="InterviewPractice.GetwindowsHandles" time="8.733" errors="0" timestamp="2023-01-03T00:29:12 IST" skipped="0">
  <testcase classname="InterviewPractice.GetwindowsHandles" name="seleniumWindowHandle" time="8.733"/>
  <system-out/>
</testsuite> <!-- InterviewPractice.GetwindowsHandles -->
