<?xml version="1.0" encoding="UTF-8"?>
<!-- Generated by org.testng.reporters.JUnitReportReporter -->
<testsuite hostname="Pravin" failures="0" tests="4" name="DataProvider.dataflow" time="31.049" errors="0" timestamp="2023-02-12T10:44:29 IST" skipped="0">
  <testcase classname="DataProvider.dataflow" name="test" time="12.204"/>
  <system-out/>
  <testcase classname="DataProvider.dataflow" name="test" time="5.947"/>
  <system-out/>
  <testcase classname="DataProvider.dataflow" name="test" time="7.006"/>
  <system-out/>
  <testcase classname="DataProvider.dataflow" name="test" time="5.892"/>
  <system-out/>
</testsuite> <!-- DataProvider.dataflow -->
