<?xml version="1.0" encoding="UTF-8"?>
<!-- Generated by org.testng.reporters.JUnitReportReporter -->
<testsuite hostname="Pravin" failures="0" tests="1" name="Start.UserTablePrint" time="5.070" errors="0" timestamp="2022-11-20T11:10:02 IST" skipped="0">
  <testcase classname="Start.UserTablePrint" name="test" time="5.070"/>
  <system-out/>
</testsuite> <!-- Start.UserTablePrint -->
