<?xml version="1.0" encoding="UTF-8"?>
<!-- Generated by org.testng.reporters.JUnitReportReporter -->
<testsuite hostname="Pravin" failures="0" tests="2" name="Start.ActionClass" time="2.799" errors="0" timestamp="2022-11-23T11:59:37 IST" skipped="0">
  <testcase classname="Start.ActionClass" name="test2" time="0.012"/>
  <system-out/>
  <testcase classname="Start.ActionClass" name="test1" time="2.787"/>
  <system-out/>
</testsuite> <!-- Start.ActionClass -->
