<?xml version="1.0" encoding="UTF-8"?>
<!-- Generated by org.testng.reporters.JUnitReportReporter -->
<testsuite hostname="Pravin" failures="0" tests="1" name="Start.PracticeDropDownListOptions" time="6.729" errors="0" timestamp="2022-11-21T14:20:42 IST" skipped="0">
  <testcase classname="Start.PracticeDropDownListOptions" name="browserOpen" time="6.729"/>
  <system-out/>
</testsuite> <!-- Start.PracticeDropDownListOptions -->
