<?xml version="1.0" encoding="UTF-8"?>
<!-- Generated by org.testng.reporters.JUnitReportReporter -->
<testsuite hostname="Pravin" failures="0" tests="2" name="Start.ParallelTestExecution" time="0.044" errors="0" timestamp="2022-12-29T21:22:04 IST" skipped="0">
  <testcase classname="Start.ParallelTestExecution" name="test01" time="0.022"/>
  <system-out/>
  <testcase classname="Start.ParallelTestExecution" name="test02" time="0.022"/>
  <system-out/>
</testsuite> <!-- Start.ParallelTestExecution -->
