<?xml version="1.0" encoding="UTF-8"?>
<!-- Generated by org.testng.reporters.JUnitReportReporter -->
<testsuite hostname="Pravin" failures="0" tests="1" name="Start.PrintTableByTagname" time="8.222" errors="0" timestamp="2022-11-20T14:11:10 IST" skipped="0">
  <testcase classname="Start.PrintTableByTagname" name="test" time="8.222"/>
  <system-out/>
</testsuite> <!-- Start.PrintTableByTagname -->
