<?xml version="1.0" encoding="UTF-8"?>
<!-- Generated by org.testng.reporters.JUnitReportReporter -->
<testsuite hostname="Pravin" failures="0" tests="1" name="Start.DropdownlistPrintOnConsole" time="6.180" errors="0" timestamp="2023-01-01T14:21:40 IST" skipped="0">
  <testcase classname="Start.DropdownlistPrintOnConsole" name="browserOpen" time="6.180"/>
  <system-out/>
</testsuite> <!-- Start.DropdownlistPrintOnConsole -->
