<?xml version="1.0" encoding="UTF-8"?>
<!-- Generated by org.testng.reporters.JUnitReportReporter -->
<testsuite hostname="Pravin" failures="0" tests="1" name="Start.SameMultipleLInkClick" time="4.790" errors="0" timestamp="2022-11-19T10:52:20 IST" skipped="0">
  <testcase classname="Start.SameMultipleLInkClick" name="TC1" time="4.790"/>
  <system-out/>
</testsuite> <!-- Start.SameMultipleLInkClick -->
