<?xml version="1.0" encoding="UTF-8"?>
<!-- Generated by org.testng.reporters.JUnitReportReporter -->
<testsuite hostname="Pravin" failures="0" tests="1" name="Start.SeliniumTestcases" time="7.038" errors="0" timestamp="2022-11-18T11:15:55 IST" skipped="0">
  <testcase classname="Start.SeliniumTestcases" name="S" time="7.038"/>
  <system-out/>
</testsuite> <!-- Start.SeliniumTestcases -->
